<?xml version="1.0" encoding="UTF-8"?>
<!-- Generated by org.testng.reporters.JUnitXMLReporter -->
<testsuite ignored="0" hostname="MyRihan" failures="0" tests="5" name="Test" time="183.663" errors="0" timestamp="2024-11-20T16:52:58 IST">
  <testcase classname="Test.TestCase4" name="wishlist" time="33.035"/>
  <testcase classname="Test.TestCase5" name="wishlist" time="41.291"/>
  <testcase classname="Test.TestCase2" name="searching" time="20.705"/>
  <testcase classname="Test.TestCase3" name="wishlist" time="30.114"/>
  <testcase classname="Test.TestCase1" name="LogintoAmazon" time="5.173"/>
</testsuite> <!-- Test -->
